<?xml version="1.0" encoding="UTF-8"?>
<!-- Generated by org.testng.reporters.JUnitReportReporter -->
<testsuite hostname="Dell-Laptop-4th-Floor-room2" failures="0" tests="1" name="com.zohocrm.testscript.CustomerModule" time="0.041" errors="0" timestamp="2024-03-06T17:47:46 IST" skipped="0">
  <testcase classname="com.zohocrm.testscript.CustomerModule" name="testCreateCustomer" time="0.041"/>
  <system-out>
    <![CDATA[CreateCustomer]]>
  </system-out>
</testsuite> <!-- com.zohocrm.testscript.CustomerModule -->
